{
  "stats": {
    "suites": 1,
    "tests": 3,
    "passes": 3,
    "pending": 0,
    "failures": 0,
    "start": "2019-06-25T13:10:35.056Z",
    "end": "2019-06-25T13:10:36.109Z",
    "duration": 1053,
    "testsRegistered": 3,
    "passPercent": 100,
    "pendingPercent": 0,
    "other": 0,
    "hasOther": false,
    "skipped": 0,
    "hasSkipped": false,
    "passPercentClass": "success",
    "pendingPercentClass": "danger"
  },
  "suites": {
    "uuid": "3aaa46b7-556e-4f60-a36d-f1a998b05415",
    "title": "",
    "fullFile": "",
    "file": "",
    "beforeHooks": [],
    "afterHooks": [],
    "tests": [],
    "suites": [
      {
        "uuid": "92e59874-d0eb-4454-a40b-d6983427cdb6",
        "title": "OMDB Movie List",
        "fullFile": "/Users/fadlymahendra/SDET/poc-mocha-chai/api/test/movie-list-test.js",
        "file": "/api/test/movie-list-test.js",
        "beforeHooks": [],
        "afterHooks": [],
        "tests": [
          {
            "title": "@get @positive As a User, I want to be able to get OMDB Movie list",
            "fullTitle": "OMDB Movie List @get @positive As a User, I want to be able to get OMDB Movie list",
            "timedOut": false,
            "duration": 416,
            "state": "passed",
            "speed": "slow",
            "pass": true,
            "fail": false,
            "pending": false,
            "code": "const response = await page.getMovieList(apiKey, keySearch);\nassert(response.status).to.equal(200);\nassert(response.body).to.be.jsonSchema(schema)",
            "err": {},
            "isRoot": false,
            "uuid": "2f826f15-f31f-4fe6-96c9-3b60d76e390e",
            "isHook": false,
            "skipped": false
          },
          {
            "title": "@get As a User, I should got error message when I send request without key of search",
            "fullTitle": "OMDB Movie List @get As a User, I should got error message when I send request without key of search",
            "timedOut": false,
            "duration": 55,
            "state": "passed",
            "speed": "medium",
            "pass": true,
            "fail": false,
            "pending": false,
            "code": "const response = await page.getMovieList(apiKey, '');\nassert(response.status).to.equal(200, response.body.Error);\nassert(response.body.Response).to.equal('False');\nassert(response.body.Error).to.equal('Something went wrong.');",
            "err": {},
            "isRoot": false,
            "uuid": "d730c9fa-21bd-41d1-9c00-70092a816202",
            "isHook": false,
            "skipped": false
          },
          {
            "title": "@get As a User, I should got error 401 when I send request with invalid API Key",
            "fullTitle": "OMDB Movie List @get As a User, I should got error 401 when I send request with invalid API Key",
            "timedOut": false,
            "duration": 573,
            "state": "passed",
            "speed": "slow",
            "pass": true,
            "fail": false,
            "pending": false,
            "code": "const response = await page.getMovieList(invalidApiKey, keySearch);\nassert(response.status).to.equal(401, response.body.Error);\nassert(response.body.Response).to.equal('False');\nassert(response.body.Error).to.equal('Invalid API key!');",
            "err": {},
            "isRoot": false,
            "uuid": "30d153a6-3f9a-4351-b364-e7cb0e55f286",
            "isHook": false,
            "skipped": false
          }
        ],
        "suites": [],
        "passes": [
          "2f826f15-f31f-4fe6-96c9-3b60d76e390e",
          "d730c9fa-21bd-41d1-9c00-70092a816202",
          "30d153a6-3f9a-4351-b364-e7cb0e55f286"
        ],
        "failures": [],
        "pending": [],
        "skipped": [],
        "duration": 1044,
        "root": false,
        "rootEmpty": false,
        "_timeout": 180000
      }
    ],
    "passes": [],
    "failures": [],
    "pending": [],
    "skipped": [],
    "duration": 0,
    "root": true,
    "rootEmpty": true,
    "_timeout": 180000
  },
  "copyrightYear": 2019
}